#
# A fatal error has been detected by the Java Runtime Environment:
#
#  EXCEPTION_ACCESS_VIOLATION (0xc0000005) at pc=0x6d896713, pid=3660, tid=5596
#
# JRE version: 6.0_17-b04
# Java VM: Java HotSpot(TM) Client VM (14.3-b01 mixed mode windows-x86 )
# Problematic frame:
# V  [jvm.dll+0x96713]
#
# If you would like to submit a bug report, please visit:
#   http://java.sun.com/webapps/bugreport/crash.jsp
#

---------------  T H R E A D  ---------------

Current thread (0x3515f000):  ConcurrentGCThread [stack: 0x370f0000,0x371f0000] [id=5596]

siginfo: ExceptionCode=0xc0000005, reading address 0x0000010c

Registers:
EAX=0x27ac5cc8, EBX=0x27ac504c, ECX=0x00010056, EDX=0x00000000
ESP=0x371ef900, EBP=0x371ef914, ESI=0x371efa28, EDI=0x371efa54
EIP=0x6d896713, EFLAGS=0x00010216

Top of Stack: (sp=0x371ef900)
0x371ef900:   27ac5cc8 371efa54 27ac504c 27ac4fe0
0x371ef910:   27ac5030 371ef928 6d96a613 27ac5cc8
0x371ef920:   371efa28 371efaa4 371ef944 6d8922fa
0x371ef930:   0000001c 371efa28 27ac2000 00001000
0x371ef940:   0040a89f 371ef968 6d8968d2 371efa28
0x371ef950:   27ac2000 00001000 371efaa4 27ac4fe0
0x371ef960:   27ac2000 00000000 371ef988 6d87dc3d
0x371ef970:   0258ebc4 27ac2000 00001000 00001000 

Instructions: (pc=0x6d896713)
0x6d896703:   88 eb 02 33 c0 8b 48 04 8b 51 08 83 c1 08 57 50
0x6d896713:   ff 92 0c 01 00 00 8a 46 60 84 c0 74 19 a0 0d 04 


Stack: [0x370f0000,0x371f0000],  sp=0x371ef900,  free space=1022k
Native frames: (J=compiled Java code, j=interpreted, Vv=VM code, C=native code)
V  [jvm.dll+0x96713]
V  [jvm.dll+0x16a613]
V  [jvm.dll+0x922fa]
V  [jvm.dll+0x968d2]
V  [jvm.dll+0x7dc3d]
V  [jvm.dll+0x97fef]
V  [jvm.dll+0x992e4]
V  [jvm.dll+0x99b6d]
V  [jvm.dll+0x9a477]
V  [jvm.dll+0x9b72d]
C  [MSVCR71.dll+0xb381]
C  [kernel32.dll+0x13677]
C  [ntdll.dll+0x39d72]
C  [ntdll.dll+0x39d45]


---------------  P R O C E S S  ---------------

Java Threads: ( => current thread )
  0x39939800 JavaThread "org.eclipse.cdt.internal.ui.text.CReconciler" daemon [_thread_in_vm, id=6012, stack(0x3e240000,0x3e340000)]
  0x39939000 JavaThread "Worker-6" [_thread_blocked, id=6140, stack(0x3df00000,0x3e000000)]
  0x39938800 JavaThread "pool-1-thread-2" [_thread_blocked, id=4680, stack(0x3ceb0000,0x3cfb0000)]
  0x39938400 JavaThread "pool-1-thread-1" [_thread_blocked, id=5556, stack(0x3cd70000,0x3ce70000)]
  0x39937c00 JavaThread "Worker-5" [_thread_in_Java, id=1108, stack(0x3c870000,0x3c970000)]
  0x39937800 JavaThread "Worker-4" [_thread_blocked, id=5068, stack(0x3c730000,0x3c830000)]
  0x39937000 JavaThread "Worker-3" [_thread_blocked, id=5880, stack(0x3c470000,0x3c570000)]
  0x39936c00 JavaThread "Worker-2" [_thread_blocked, id=3664, stack(0x3c330000,0x3c430000)]
  0x39936400 JavaThread "Bundle File Closer" daemon [_thread_blocked, id=4736, stack(0x3bb60000,0x3bc60000)]
  0x3816cc00 JavaThread "Worker-1" [_thread_blocked, id=5568, stack(0x3b340000,0x3b440000)]
  0x3817ac00 JavaThread "Worker-0" [_thread_in_native, id=5348, stack(0x39f30000,0x3a030000)]
  0x37f24400 JavaThread "Worker-JM" [_thread_blocked, id=6100, stack(0x391a0000,0x392a0000)]
  0x37f20400 JavaThread "Framework Event Dispatcher" daemon [_thread_blocked, id=5460, stack(0x38f90000,0x39090000)]
  0x37f1f800 JavaThread "Start Level Event Dispatcher" daemon [_thread_blocked, id=1704, stack(0x38e50000,0x38f50000)]
  0x37f1dc00 JavaThread "State Data Manager" daemon [_thread_blocked, id=5156, stack(0x38d10000,0x38e10000)]
  0x37edd400 JavaThread "Framework Active Thread" [_thread_blocked, id=5180, stack(0x38bd0000,0x38cd0000)]
  0x3524c800 JavaThread "Low Memory Detector" daemon [_thread_blocked, id=4940, stack(0x37bf0000,0x37cf0000)]
  0x3524c400 JavaThread "CompilerThread0" daemon [_thread_blocked, id=1832, stack(0x37ab0000,0x37bb0000)]
  0x3524b400 JavaThread "Attach Listener" daemon [_thread_blocked, id=2124, stack(0x37870000,0x37970000)]
  0x3524ac00 JavaThread "Signal Dispatcher" daemon [_thread_blocked, id=1132, stack(0x37730000,0x37830000)]
  0x35248400 JavaThread "Surrogate Locker Thread (CMS)" daemon [_thread_blocked, id=5200, stack(0x375f0000,0x376f0000)]
  0x3521ac00 JavaThread "Finalizer" daemon [_thread_blocked, id=3752, stack(0x374b0000,0x375b0000)]
  0x3521a800 JavaThread "Reference Handler" daemon [_thread_blocked, id=5868, stack(0x37370000,0x37470000)]
  0x02599000 JavaThread "main" [_thread_in_native, id=4824, stack(0x00090000,0x00190000)]

Other Threads:
  0x35217800 VMThread [stack: 0x37230000,0x37330000] [id=5996]
  0x3524e400 WatcherThread [stack: 0x37d30000,0x37e30000] [id=4944]

=>0x3515f000 (exited) ConcurrentGCThread [stack: 0x370f0000,0x371f0000] [id=5596]

VM state:not at safepoint (normal execution)

VM Mutex/Monitor currently owned by a thread:  ([mutex/lock_event])
[0x02597a90] Heap_lock - owner thread: 0x39939800

Heap
 par new generation   total 14784K, used 5480K [0x04e20000, 0x05e20000, 0x07580000)
  eden space 13184K,  29% used [0x04e20000, 0x051ea3f8, 0x05b00000)
  from space 1600K, 100% used [0x05b00000, 0x05c90000, 0x05c90000)
  to   space 1600K,   0% used [0x05c90000, 0x05c90000, 0x05e20000)
 concurrent mark-sweep generation total 45056K, used 35142K [0x07580000, 0x0a180000, 0x24e20000)
 concurrent-mark-sweep perm gen total 54784K, used 45599K [0x24e20000, 0x283a0000, 0x34e20000)

Dynamic libraries:
0x00400000 - 0x0040d000 	C:\CooCox\CoIDE\CoIDE.exe
0x77c70000 - 0x77df0000 	C:\Windows\SysWOW64\ntdll.dll
0x75c60000 - 0x75d60000 	C:\Windows\syswow64\kernel32.dll
0x76380000 - 0x763c6000 	C:\Windows\syswow64\KERNELBASE.dll
0x75f80000 - 0x76080000 	C:\Windows\syswow64\USER32.dll
0x76080000 - 0x76110000 	C:\Windows\syswow64\GDI32.dll
0x77340000 - 0x7734a000 	C:\Windows\syswow64\LPK.dll
0x75b80000 - 0x75c1d000 	C:\Windows\syswow64\USP10.dll
0x75840000 - 0x758ec000 	C:\Windows\syswow64\msvcrt.dll
0x777d0000 - 0x77870000 	C:\Windows\syswow64\ADVAPI32.dll
0x77220000 - 0x77239000 	C:\Windows\SysWOW64\sechost.dll
0x770c0000 - 0x771b0000 	C:\Windows\syswow64\RPCRT4.dll
0x757e0000 - 0x75840000 	C:\Windows\syswow64\SspiCli.dll
0x757d0000 - 0x757dc000 	C:\Windows\syswow64\CRYPTBASE.dll
0x75db0000 - 0x75e34000 	C:\Windows\WinSxS\x86_microsoft.windows.common-controls_6595b64144ccf1df_5.82.7600.16385_none_ebf82fc36c758ad5\COMCTL32.dll
0x75910000 - 0x75970000 	C:\Windows\system32\IMM32.DLL
0x77240000 - 0x7730c000 	C:\Windows\syswow64\MSCTF.dll
0x73530000 - 0x73565000 	C:\Windows\SysWOW64\nvinit.dll
0x72000000 - 0x7200d000 	C:\CooCox\CoIDE\plugins\org.eclipse.equinox.launcher.win32.win32.x86_1.1.100.v20110502\eclipse_1406.dll
0x70370000 - 0x70379000 	C:\Windows\system32\VERSION.dll
0x6d800000 - 0x6da8b000 	C:\CooCox\CoIDE\jre\bin\client\jvm.dll
0x72e50000 - 0x72e82000 	C:\Windows\system32\WINMM.dll
0x7c360000 - 0x7c3b6000 	C:\Windows\system32\MSVCR71.dll
0x70650000 - 0x7069b000 	C:\Windows\system32\apphelp.dll
0x6d7b0000 - 0x6d7bc000 	C:\CooCox\CoIDE\jre\bin\verify.dll
0x6d330000 - 0x6d34f000 	C:\CooCox\CoIDE\jre\bin\java.dll
0x6d290000 - 0x6d298000 	C:\CooCox\CoIDE\jre\bin\hpi.dll
0x77c40000 - 0x77c45000 	C:\Windows\syswow64\PSAPI.DLL
0x6d7f0000 - 0x6d7ff000 	C:\CooCox\CoIDE\jre\bin\zip.dll
0x72160000 - 0x72176000 	C:\Windows\system32\CRYPTSP.dll
0x72120000 - 0x7215b000 	C:\Windows\system32\rsaenh.dll
0x72ea0000 - 0x72eb7000 	C:\Windows\system32\USERENV.dll
0x72e90000 - 0x72e9b000 	C:\Windows\system32\profapi.dll
0x6d610000 - 0x6d623000 	C:\CooCox\CoIDE\jre\bin\net.dll
0x75c20000 - 0x75c55000 	C:\Windows\syswow64\WS2_32.dll
0x763d0000 - 0x763d6000 	C:\Windows\syswow64\NSI.dll
0x72d00000 - 0x72d3c000 	C:\Windows\system32\mswsock.dll
0x70610000 - 0x70616000 	C:\Windows\System32\wship6.dll
0x74a50000 - 0x74a60000 	C:\Windows\system32\NLAapi.dll
0x72d80000 - 0x72dc4000 	C:\Windows\system32\DNSAPI.dll
0x74a40000 - 0x74a48000 	C:\Windows\System32\winrnr.dll
0x74a30000 - 0x74a40000 	C:\Windows\system32\napinsp.dll
0x74a10000 - 0x74a22000 	C:\Windows\system32\pnrpnsp.dll
0x74a00000 - 0x74a0d000 	C:\Windows\system32\wshbth.dll
0x72cf0000 - 0x72cf5000 	C:\Windows\System32\wshtcpip.dll
0x72de0000 - 0x72dfc000 	C:\Windows\system32\IPHLPAPI.DLL
0x72dd0000 - 0x72dd7000 	C:\Windows\system32\WINNSI.DLL
0x749f0000 - 0x749f6000 	C:\Windows\system32\rasadhlp.dll
0x749b0000 - 0x749e8000 	C:\Windows\System32\fwpuclnt.dll
0x706b0000 - 0x70730000 	C:\Windows\system32\uxtheme.dll
0x75a20000 - 0x75b7c000 	C:\Windows\system32\ole32.dll
0x6d630000 - 0x6d639000 	C:\CooCox\CoIDE\jre\bin\nio.dll
0x76110000 - 0x7619f000 	C:\Windows\syswow64\OLEAUT32.DLL
0x392a0000 - 0x3930e000 	C:\CooCox\CoIDE\configuration\org.eclipse.osgi\bundles\131\1\.cp\swt-win32-3740.dll
0x75970000 - 0x759eb000 	C:\Windows\syswow64\comdlg32.dll
0x771b0000 - 0x77207000 	C:\Windows\syswow64\SHLWAPI.dll
0x70380000 - 0x7051e000 	C:\Windows\WinSxS\x86_microsoft.windows.common-controls_6595b64144ccf1df_6.0.7600.16385_none_421189da2b7fabfc\COMCTL32.dll
0x76470000 - 0x770b9000 	C:\Windows\syswow64\SHELL32.dll
0x701b0000 - 0x70201000 	C:\Windows\system32\WINSPOOL.DRV
0x77550000 - 0x77644000 	C:\Windows\syswow64\WININET.dll
0x76370000 - 0x76373000 	C:\Windows\syswow64\Normaliz.dll
0x75e40000 - 0x75f75000 	C:\Windows\syswow64\urlmon.dll
0x77650000 - 0x7776c000 	C:\Windows\syswow64\CRYPT32.dll
0x77210000 - 0x7721c000 	C:\Windows\syswow64\MSASN1.dll
0x77350000 - 0x77549000 	C:\Windows\syswow64\iertutil.dll
0x705f0000 - 0x70603000 	C:\Windows\system32\dwmapi.dll
0x6fc70000 - 0x6fd65000 	C:\Windows\system32\propsys.dll
0x763e0000 - 0x76463000 	C:\Windows\syswow64\CLBCatQ.DLL
0x39310000 - 0x3932d000 	C:\CooCox\CoIDE\configuration\org.eclipse.osgi\bundles\131\1\.cp\swt-gdip-win32-3740.dll
0x70020000 - 0x701b0000 	C:\Windows\WinSxS\x86_microsoft.windows.gdiplus_6595b64144ccf1df_1.1.7600.16385_none_72fc7cbf861225ca\gdiplus.dll
0x6fdb0000 - 0x6feab000 	C:\Windows\system32\WindowsCodecs.dll
0x6a9f0000 - 0x6ab5f000 	C:\Windows\system32\explorerframe.dll
0x6a9c0000 - 0x6a9ef000 	C:\Windows\system32\DUser.dll
0x6a900000 - 0x6a9b2000 	C:\Windows\system32\DUI70.dll
0x6a100000 - 0x6a13c000 	C:\Windows\system32\oleacc.dll
0x70210000 - 0x7021e000 	C:\Windows\system32\RpcRtRemote.dll
0x73760000 - 0x73765000 	C:\Windows\system32\msimg32.dll
0x692d0000 - 0x69d4c000 	C:\Windows\SysWOW64\ieframe.dll
0x74930000 - 0x7498f000 	C:\Windows\system32\SXS.DLL
0x673c0000 - 0x673cc000 	C:\CooCox\CoIDE\bin\jRegistryKey.dll
0x6c2c0000 - 0x6c322000 	C:\Users\Przemek\AppData\Local\Temp\libsqlitejdbc-5273142672259261865.lib
0x63810000 - 0x63dc2000 	C:\Windows\SysWOW64\mshtml.dll
0x68770000 - 0x6879a000 	C:\Windows\SysWOW64\msls31.dll
0x720f0000 - 0x72111000 	C:\Windows\system32\ntmarta.dll
0x75d60000 - 0x75da5000 	C:\Windows\syswow64\WLDAP32.dll
0x68580000 - 0x685ae000 	C:\Windows\system32\mlang.dll
0x6a0f0000 - 0x6a0fb000 	C:\Windows\system32\msimtf.dll
0x6fd70000 - 0x6fda9000 	C:\Windows\system32\MMDevAPI.DLL
0x74ba0000 - 0x74bd0000 	C:\Windows\system32\wdmaud.drv
0x756c0000 - 0x756c4000 	C:\Windows\system32\ksuser.dll
0x74b90000 - 0x74b97000 	C:\Windows\system32\AVRT.dll
0x761d0000 - 0x7636d000 	C:\Windows\syswow64\SETUPAPI.dll
0x77310000 - 0x77337000 	C:\Windows\syswow64\CFGMGR32.dll
0x758f0000 - 0x75902000 	C:\Windows\syswow64\DEVOBJ.dll
0x6fc30000 - 0x6fc66000 	C:\Windows\system32\AUDIOSES.DLL
0x6a8a0000 - 0x6a8f2000 	C:\Windows\system32\RASAPI32.dll
0x6a880000 - 0x6a895000 	C:\Windows\system32\rasman.dll
0x6feb0000 - 0x6febd000 	C:\Windows\system32\rtutils.dll
0x6fab0000 - 0x6fab6000 	C:\Windows\system32\sensapi.dll
0x74b80000 - 0x74b88000 	C:\Windows\system32\msacm32.drv
0x74b60000 - 0x74b74000 	C:\Windows\system32\MSACM32.dll
0x74b50000 - 0x74b57000 	C:\Windows\system32\midimap.dll
0x6a160000 - 0x6a1ba000 	C:\Windows\System32\netprofm.dll
0x6a0c0000 - 0x6a0c8000 	C:\Windows\System32\npmproxy.dll
0x3cd10000 - 0x3cd1e000 	C:\CooCox\CoIDE\configuration\org.eclipse.osgi\bundles\87\1\.cp\os\win32\x86\localfile_1_0_0.dll

VM Arguments:
jvm_args: -Xms60m -Xmx512m -XX:+UseConcMarkSweepGC -XX:+CMSClassUnloadingEnabled -XX:MaxPermSize=256M 
java_command: <unknown>
Launcher Type: generic

Environment Variables:
PATH=C:/CooCox/CoIDE/jre/bin/client;C:/CooCox/CoIDE/jre/bin;C:/CooCox/CoIDE/jre/lib/i386;C:\ProgramData\Oracle\Java\javapath;D:\Programy\WinAVR\bin;D:\Programy\WinAVR\utils\bin;C:\Program Files (x86)\Atmel\AVR Tools\AVR Toolchain\bin;D:\Programy\CBUILD~1\Bin;D:\Programy\CBUILD~1\Projects\Bpl;C:\Program Files (x86)\NVIDIA Corporation\PhysX\Common;C:\Windows\system32;C:\Windows;C:\Windows\System32\Wbem;C:\Windows\System32\WindowsPowerShell\v1.0\;C:\Program Files (x86)\Intel\OpenCL SDK\3.0\bin\x86;C:\Program Files (x86)\Intel\OpenCL SDK\3.0\bin\x64;D:\Programy\MATLAB\runtime\win64;D:\Programy\MATLAB\bin;C:\Program Files\MATLAB\R2013b\runtime\win64;C:\Program Files\MATLAB\R2013b\bin;C:\CooCox\CoIDE_V2Beta\bin;C:\CooCox\CoIDE\gcc\bin;C:\adb;D:\Programy\MATLAB\polyspace\bin;C:\CooCox\CoIDE\workspace\DSP;
USERNAME=Przemek
OS=Windows_NT
PROCESSOR_IDENTIFIER=Intel64 Family 6 Model 60 Stepping 3, GenuineIntel



---------------  S Y S T E M  ---------------

OS: Windows 7 Build 7600 

CPU:total 8 (8 cores per cpu, 2 threads per core) family 6 model 60 stepping 3, cmov, cx8, fxsr, mmx, sse, sse2, sse3, ssse3, sse4.1, sse4.2, ht

Memory: 4k page, physical 4194303k(4194303k free), swap 4194303k(4194303k free)

vm_info: Java HotSpot(TM) Client VM (14.3-b01) for windows-x86 JRE (1.6.0_17-b04), built on Oct 11 2009 00:52:06 by "java_re" with MS VC++ 7.1

time: Sun May 22 17:01:04 2016
elapsed time: 4 seconds

